egyptian-div.perl: verification: 76543 / 123 = 622 remainder 37

                                   76543            0
         512        62976        - 62976        + 512
                                 = 13567        = 512

                                   13567          512
         256        31488            - 0          + 0
                                 = 13567        = 512

                                   13567          512
         128        15744            - 0          + 0
                                 = 13567        = 512

                                   13567          512
          64         7872         - 7872         + 64
                                  = 5695        = 576

                                    5695          576
          32         3936         - 3936         + 32
                                  = 1759        = 608

                                    1759          608
          16         1968            - 0          + 0
                                  = 1759        = 608

                                    1759          608
           8          984          - 984          + 8
                                   = 775        = 616

                                     775          616
           4          492          - 492          + 4
                                   = 283        = 620

                                     283          620
           2          246          - 246          + 2
                                    = 37        = 622

                                      37          622
           1          123            - 0          + 0
                                    = 37        = 622

                               remainder     quotient
